data-modelled/non-temporal/average-annual-relative-humidity-1.tif data-modelled/non-temporal/average-annual-relative-humidity-2.tif data-modelled/non-temporal/pH-1.tif data-modelled/non-temporal/pH-2.tif data-modelled/non-temporal/slope-1.tif
data-modelled/1981-2010
data-modelled/1981-2010/annual-precipitation-1.tif data-modelled/1981-2010/annual-precipitation-2.tif data-modelled/1981-2010/length-of-dry-season-1.tif data-modelled/1981-2010/mean-annual-temperature-1.tif data-modelled/1981-2010/mean-annual-temperature-2.tif data-modelled/1981-2010/mean-max-temp-of-the-warmest-month-1.tif data-modelled/1981-2010/mean-min-temp-of-the-coldest-month-1.tif

data-modelled/2011-2040/ssp126/gfdl-esm4
data-modelled/2011-2040/ssp126/gfdl-esm4/annual-precipitation-1.tif data-modelled/2011-2040/ssp126/gfdl-esm4/annual-precipitation-2.tif data-modelled/2011-2040/ssp126/gfdl-esm4/length-of-dry-season-1.tif data-modelled/2011-2040/ssp126/gfdl-esm4/mean-annual-temperature-1.tif data-modelled/2011-2040/ssp126/gfdl-esm4/mean-annual-temperature-2.tif data-modelled/2011-2040/ssp126/gfdl-esm4/mean-max-temp-of-the-warmest-month-1.tif data-modelled/2011-2040/ssp126/gfdl-esm4/mean-min-temp-of-the-coldest-month-1.tif

data-modelled/2011-2040/ssp126/ipsl-cm6a-lr
data-modelled/2011-2040/ssp126/ipsl-cm6a-lr/annual-precipitation-1.tif data-modelled/2011-2040/ssp126/ipsl-cm6a-lr/annual-precipitation-2.tif data-modelled/2011-2040/ssp126/ipsl-cm6a-lr/length-of-dry-season-1.tif data-modelled/2011-2040/ssp126/ipsl-cm6a-lr/mean-annual-temperature-1.tif data-modelled/2011-2040/ssp126/ipsl-cm6a-lr/mean-annual-temperature-2.tif data-modelled/2011-2040/ssp126/ipsl-cm6a-lr/mean-max-temp-of-the-warmest-month-1.tif data-modelled/2011-2040/ssp126/ipsl-cm6a-lr/mean-min-temp-of-the-coldest-month-1.tif

data-modelled/2011-2040/ssp126/mpi-esm1-2-hr
data-modelled/2011-2040/ssp126/mpi-esm1-2-hr/annual-precipitation-1.tif data-modelled/2011-2040/ssp126/mpi-esm1-2-hr/annual-precipitation-2.tif data-modelled/2011-2040/ssp126/mpi-esm1-2-hr/length-of-dry-season-1.tif data-modelled/2011-2040/ssp126/mpi-esm1-2-hr/mean-annual-temperature-1.tif data-modelled/2011-2040/ssp126/mpi-esm1-2-hr/mean-annual-temperature-2.tif data-modelled/2011-2040/ssp126/mpi-esm1-2-hr/mean-max-temp-of-the-warmest-month-1.tif data-modelled/2011-2040/ssp126/mpi-esm1-2-hr/mean-min-temp-of-the-coldest-month-1.tif

data-modelled/2011-2040/ssp126/mri-esm2-0
data-modelled/2011-2040/ssp126/mri-esm2-0/annual-precipitation-1.tif data-modelled/2011-2040/ssp126/mri-esm2-0/annual-precipitation-2.tif data-modelled/2011-2040/ssp126/mri-esm2-0/length-of-dry-season-1.tif data-modelled/2011-2040/ssp126/mri-esm2-0/mean-annual-temperature-1.tif data-modelled/2011-2040/ssp126/mri-esm2-0/mean-annual-temperature-2.tif data-modelled/2011-2040/ssp126/mri-esm2-0/mean-max-temp-of-the-warmest-month-1.tif data-modelled/2011-2040/ssp126/mri-esm2-0/mean-min-temp-of-the-coldest-month-1.tif

data-modelled/2011-2040/ssp126/ukesm1-0-ll
data-modelled/2011-2040/ssp126/ukesm1-0-ll/annual-precipitation-1.tif data-modelled/2011-2040/ssp126/ukesm1-0-ll/annual-precipitation-2.tif data-modelled/2011-2040/ssp126/ukesm1-0-ll/mean-annual-temperature-1.tif data-modelled/2011-2040/ssp126/ukesm1-0-ll/mean-annual-temperature-2.tif data-modelled/2011-2040/ssp126/ukesm1-0-ll/mean-max-temp-of-the-warmest-month-1.tif data-modelled/2011-2040/ssp126/ukesm1-0-ll/mean-min-temp-of-the-coldest-month-1.tif

data-modelled/2011-2040/ssp370/gfdl-esm4
data-modelled/2011-2040/ssp370/gfdl-esm4/annual-precipitation-1.tif data-modelled/2011-2040/ssp370/gfdl-esm4/annual-precipitation-2.tif data-modelled/2011-2040/ssp370/gfdl-esm4/length-of-dry-season-1.tif data-modelled/2011-2040/ssp370/gfdl-esm4/mean-annual-temperature-1.tif data-modelled/2011-2040/ssp370/gfdl-esm4/mean-annual-temperature-2.tif data-modelled/2011-2040/ssp370/gfdl-esm4/mean-max-temp-of-the-warmest-month-1.tif data-modelled/2011-2040/ssp370/gfdl-esm4/mean-min-temp-of-the-coldest-month-1.tif

data-modelled/2011-2040/ssp370/ipsl-cm6a-lr
data-modelled/2011-2040/ssp370/ipsl-cm6a-lr/annual-precipitation-1.tif data-modelled/2011-2040/ssp370/ipsl-cm6a-lr/annual-precipitation-2.tif data-modelled/2011-2040/ssp370/ipsl-cm6a-lr/length-of-dry-season-1.tif data-modelled/2011-2040/ssp370/ipsl-cm6a-lr/mean-annual-temperature-1.tif data-modelled/2011-2040/ssp370/ipsl-cm6a-lr/mean-annual-temperature-2.tif data-modelled/2011-2040/ssp370/ipsl-cm6a-lr/mean-max-temp-of-the-warmest-month-1.tif data-modelled/2011-2040/ssp370/ipsl-cm6a-lr/mean-min-temp-of-the-coldest-month-1.tif

data-modelled/2011-2040/ssp370/mpi-esm1-2-hr
data-modelled/2011-2040/ssp370/mpi-esm1-2-hr/annual-precipitation-1.tif data-modelled/2011-2040/ssp370/mpi-esm1-2-hr/annual-precipitation-2.tif data-modelled/2011-2040/ssp370/mpi-esm1-2-hr/length-of-dry-season-1.tif data-modelled/2011-2040/ssp370/mpi-esm1-2-hr/mean-annual-temperature-1.tif data-modelled/2011-2040/ssp370/mpi-esm1-2-hr/mean-annual-temperature-2.tif data-modelled/2011-2040/ssp370/mpi-esm1-2-hr/mean-max-temp-of-the-warmest-month-1.tif data-modelled/2011-2040/ssp370/mpi-esm1-2-hr/mean-min-temp-of-the-coldest-month-1.tif

data-modelled/2011-2040/ssp370/mri-esm2-0
data-modelled/2011-2040/ssp370/mri-esm2-0/annual-precipitation-1.tif data-modelled/2011-2040/ssp370/mri-esm2-0/annual-precipitation-2.tif data-modelled/2011-2040/ssp370/mri-esm2-0/length-of-dry-season-1.tif data-modelled/2011-2040/ssp370/mri-esm2-0/mean-annual-temperature-1.tif data-modelled/2011-2040/ssp370/mri-esm2-0/mean-annual-temperature-2.tif data-modelled/2011-2040/ssp370/mri-esm2-0/mean-max-temp-of-the-warmest-month-1.tif data-modelled/2011-2040/ssp370/mri-esm2-0/mean-min-temp-of-the-coldest-month-1.tif

data-modelled/2011-2040/ssp370/ukesm1-0-ll
data-modelled/2011-2040/ssp370/ukesm1-0-ll/annual-precipitation-1.tif data-modelled/2011-2040/ssp370/ukesm1-0-ll/annual-precipitation-2.tif data-modelled/2011-2040/ssp370/ukesm1-0-ll/length-of-dry-season-1.tif data-modelled/2011-2040/ssp370/ukesm1-0-ll/mean-annual-temperature-1.tif data-modelled/2011-2040/ssp370/ukesm1-0-ll/mean-annual-temperature-2.tif data-modelled/2011-2040/ssp370/ukesm1-0-ll/mean-max-temp-of-the-warmest-month-1.tif data-modelled/2011-2040/ssp370/ukesm1-0-ll/mean-min-temp-of-the-coldest-month-1.tif

data-modelled/2011-2040/ssp585/gfdl-esm4
data-modelled/2011-2040/ssp585/gfdl-esm4/annual-precipitation-1.tif data-modelled/2011-2040/ssp585/gfdl-esm4/annual-precipitation-2.tif data-modelled/2011-2040/ssp585/gfdl-esm4/length-of-dry-season-1.tif data-modelled/2011-2040/ssp585/gfdl-esm4/mean-annual-temperature-1.tif data-modelled/2011-2040/ssp585/gfdl-esm4/mean-annual-temperature-2.tif data-modelled/2011-2040/ssp585/gfdl-esm4/mean-max-temp-of-the-warmest-month-1.tif data-modelled/2011-2040/ssp585/gfdl-esm4/mean-min-temp-of-the-coldest-month-1.tif

data-modelled/2011-2040/ssp585/ipsl-cm6a-lr
data-modelled/2011-2040/ssp585/ipsl-cm6a-lr/annual-precipitation-1.tif data-modelled/2011-2040/ssp585/ipsl-cm6a-lr/annual-precipitation-2.tif data-modelled/2011-2040/ssp585/ipsl-cm6a-lr/length-of-dry-season-1.tif data-modelled/2011-2040/ssp585/ipsl-cm6a-lr/mean-annual-temperature-1.tif data-modelled/2011-2040/ssp585/ipsl-cm6a-lr/mean-annual-temperature-2.tif data-modelled/2011-2040/ssp585/ipsl-cm6a-lr/mean-max-temp-of-the-warmest-month-1.tif data-modelled/2011-2040/ssp585/ipsl-cm6a-lr/mean-min-temp-of-the-coldest-month-1.tif

data-modelled/2011-2040/ssp585/mpi-esm1-2-hr
data-modelled/2011-2040/ssp585/mpi-esm1-2-hr/annual-precipitation-1.tif data-modelled/2011-2040/ssp585/mpi-esm1-2-hr/annual-precipitation-2.tif data-modelled/2011-2040/ssp585/mpi-esm1-2-hr/length-of-dry-season-1.tif data-modelled/2011-2040/ssp585/mpi-esm1-2-hr/mean-annual-temperature-1.tif data-modelled/2011-2040/ssp585/mpi-esm1-2-hr/mean-annual-temperature-2.tif data-modelled/2011-2040/ssp585/mpi-esm1-2-hr/mean-max-temp-of-the-warmest-month-1.tif data-modelled/2011-2040/ssp585/mpi-esm1-2-hr/mean-min-temp-of-the-coldest-month-1.tif

data-modelled/2011-2040/ssp585/mri-esm2-0
data-modelled/2011-2040/ssp585/mri-esm2-0/annual-precipitation-1.tif data-modelled/2011-2040/ssp585/mri-esm2-0/annual-precipitation-2.tif data-modelled/2011-2040/ssp585/mri-esm2-0/length-of-dry-season-1.tif data-modelled/2011-2040/ssp585/mri-esm2-0/mean-annual-temperature-1.tif data-modelled/2011-2040/ssp585/mri-esm2-0/mean-annual-temperature-2.tif data-modelled/2011-2040/ssp585/mri-esm2-0/mean-max-temp-of-the-warmest-month-1.tif data-modelled/2011-2040/ssp585/mri-esm2-0/mean-min-temp-of-the-coldest-month-1.tif

data-modelled/2011-2040/ssp585/ukesm1-0-ll
data-modelled/2011-2040/ssp585/ukesm1-0-ll/annual-precipitation-1.tif data-modelled/2011-2040/ssp585/ukesm1-0-ll/annual-precipitation-2.tif data-modelled/2011-2040/ssp585/ukesm1-0-ll/length-of-dry-season-1.tif data-modelled/2011-2040/ssp585/ukesm1-0-ll/mean-annual-temperature-1.tif data-modelled/2011-2040/ssp585/ukesm1-0-ll/mean-annual-temperature-2.tif data-modelled/2011-2040/ssp585/ukesm1-0-ll/mean-max-temp-of-the-warmest-month-1.tif data-modelled/2011-2040/ssp585/ukesm1-0-ll/mean-min-temp-of-the-coldest-month-1.tif

data-modelled/2041-2070/ssp126/gfdl-esm4
data-modelled/2041-2070/ssp126/gfdl-esm4/annual-precipitation-1.tif data-modelled/2041-2070/ssp126/gfdl-esm4/annual-precipitation-2.tif data-modelled/2041-2070/ssp126/gfdl-esm4/length-of-dry-season-1.tif data-modelled/2041-2070/ssp126/gfdl-esm4/mean-annual-temperature-1.tif data-modelled/2041-2070/ssp126/gfdl-esm4/mean-annual-temperature-2.tif data-modelled/2041-2070/ssp126/gfdl-esm4/mean-max-temp-of-the-warmest-month-1.tif data-modelled/2041-2070/ssp126/gfdl-esm4/mean-min-temp-of-the-coldest-month-1.tif

data-modelled/2041-2070/ssp126/ipsl-cm6a-lr
data-modelled/2041-2070/ssp126/ipsl-cm6a-lr/annual-precipitation-1.tif data-modelled/2041-2070/ssp126/ipsl-cm6a-lr/annual-precipitation-2.tif data-modelled/2041-2070/ssp126/ipsl-cm6a-lr/length-of-dry-season-1.tif data-modelled/2041-2070/ssp126/ipsl-cm6a-lr/mean-annual-temperature-1.tif data-modelled/2041-2070/ssp126/ipsl-cm6a-lr/mean-annual-temperature-2.tif data-modelled/2041-2070/ssp126/ipsl-cm6a-lr/mean-max-temp-of-the-warmest-month-1.tif data-modelled/2041-2070/ssp126/ipsl-cm6a-lr/mean-min-temp-of-the-coldest-month-1.tif

data-modelled/2041-2070/ssp126/ukesm1-0-ll
data-modelled/2041-2070/ssp126/ukesm1-0-ll/annual-precipitation-1.tif data-modelled/2041-2070/ssp126/ukesm1-0-ll/annual-precipitation-2.tif data-modelled/2041-2070/ssp126/ukesm1-0-ll/length-of-dry-season-1.tif data-modelled/2041-2070/ssp126/ukesm1-0-ll/mean-annual-temperature-1.tif data-modelled/2041-2070/ssp126/ukesm1-0-ll/mean-annual-temperature-2.tif data-modelled/2041-2070/ssp126/ukesm1-0-ll/mean-max-temp-of-the-warmest-month-1.tif data-modelled/2041-2070/ssp126/ukesm1-0-ll/mean-min-temp-of-the-coldest-month-1.tif

data-modelled/2041-2070/ssp370/gfdl-esm4
data-modelled/2041-2070/ssp370/gfdl-esm4/annual-precipitation-1.tif data-modelled/2041-2070/ssp370/gfdl-esm4/annual-precipitation-2.tif data-modelled/2041-2070/ssp370/gfdl-esm4/length-of-dry-season-1.tif data-modelled/2041-2070/ssp370/gfdl-esm4/mean-annual-temperature-1.tif data-modelled/2041-2070/ssp370/gfdl-esm4/mean-annual-temperature-2.tif data-modelled/2041-2070/ssp370/gfdl-esm4/mean-max-temp-of-the-warmest-month-1.tif data-modelled/2041-2070/ssp370/gfdl-esm4/mean-min-temp-of-the-coldest-month-1.tif

data-modelled/2041-2070/ssp585/gfdl-esm4
data-modelled/2041-2070/ssp585/gfdl-esm4/annual-precipitation-1.tif data-modelled/2041-2070/ssp585/gfdl-esm4/annual-precipitation-2.tif data-modelled/2041-2070/ssp585/gfdl-esm4/length-of-dry-season-1.tif data-modelled/2041-2070/ssp585/gfdl-esm4/mean-annual-temperature-1.tif data-modelled/2041-2070/ssp585/gfdl-esm4/mean-annual-temperature-2.tif data-modelled/2041-2070/ssp585/gfdl-esm4/mean-max-temp-of-the-warmest-month-1.tif data-modelled/2041-2070/ssp585/gfdl-esm4/mean-min-temp-of-the-coldest-month-1.tif

data-modelled/2071-2100/ssp126/gfdl-esm4
data-modelled/2071-2100/ssp126/gfdl-esm4/annual-precipitation-1.tif data-modelled/2071-2100/ssp126/gfdl-esm4/annual-precipitation-2.tif data-modelled/2071-2100/ssp126/gfdl-esm4/mean-annual-temperature-1.tif data-modelled/2071-2100/ssp126/gfdl-esm4/mean-annual-temperature-2.tif data-modelled/2071-2100/ssp126/gfdl-esm4/mean-max-temp-of-the-warmest-month-1.tif data-modelled/2071-2100/ssp126/gfdl-esm4/mean-min-temp-of-the-coldest-month-1.tif

data-modelled/2071-2100/ssp126/ipsl-cm6a-lr
data-modelled/2071-2100/ssp126/ipsl-cm6a-lr/annual-precipitation-1.tif data-modelled/2071-2100/ssp126/ipsl-cm6a-lr/annual-precipitation-2.tif data-modelled/2071-2100/ssp126/ipsl-cm6a-lr/length-of-dry-season-1.tif data-modelled/2071-2100/ssp126/ipsl-cm6a-lr/mean-annual-temperature-1.tif data-modelled/2071-2100/ssp126/ipsl-cm6a-lr/mean-annual-temperature-2.tif data-modelled/2071-2100/ssp126/ipsl-cm6a-lr/mean-max-temp-of-the-warmest-month-1.tif data-modelled/2071-2100/ssp126/ipsl-cm6a-lr/mean-min-temp-of-the-coldest-month-1.tif

data-modelled/2071-2100/ssp126/mpi-esm1-2-hr
data-modelled/2071-2100/ssp126/mpi-esm1-2-hr/annual-precipitation-1.tif data-modelled/2071-2100/ssp126/mpi-esm1-2-hr/annual-precipitation-2.tif data-modelled/2071-2100/ssp126/mpi-esm1-2-hr/length-of-dry-season-1.tif data-modelled/2071-2100/ssp126/mpi-esm1-2-hr/mean-annual-temperature-1.tif data-modelled/2071-2100/ssp126/mpi-esm1-2-hr/mean-annual-temperature-2.tif data-modelled/2071-2100/ssp126/mpi-esm1-2-hr/mean-max-temp-of-the-warmest-month-1.tif data-modelled/2071-2100/ssp126/mpi-esm1-2-hr/mean-min-temp-of-the-coldest-month-1.tif

data-modelled/2071-2100/ssp126/mri-esm2-0
data-modelled/2071-2100/ssp126/mri-esm2-0/annual-precipitation-1.tif data-modelled/2071-2100/ssp126/mri-esm2-0/annual-precipitation-2.tif data-modelled/2071-2100/ssp126/mri-esm2-0/length-of-dry-season-1.tif data-modelled/2071-2100/ssp126/mri-esm2-0/mean-annual-temperature-1.tif data-modelled/2071-2100/ssp126/mri-esm2-0/mean-annual-temperature-2.tif data-modelled/2071-2100/ssp126/mri-esm2-0/mean-max-temp-of-the-warmest-month-1.tif data-modelled/2071-2100/ssp126/mri-esm2-0/mean-min-temp-of-the-coldest-month-1.tif

data-modelled/2071-2100/ssp126/ukesm1-0-ll
data-modelled/2071-2100/ssp126/ukesm1-0-ll/annual-precipitation-1.tif data-modelled/2071-2100/ssp126/ukesm1-0-ll/annual-precipitation-2.tif data-modelled/2071-2100/ssp126/ukesm1-0-ll/length-of-dry-season-1.tif data-modelled/2071-2100/ssp126/ukesm1-0-ll/mean-annual-temperature-1.tif data-modelled/2071-2100/ssp126/ukesm1-0-ll/mean-annual-temperature-2.tif data-modelled/2071-2100/ssp126/ukesm1-0-ll/mean-max-temp-of-the-warmest-month-1.tif data-modelled/2071-2100/ssp126/ukesm1-0-ll/mean-min-temp-of-the-coldest-month-1.tif

data-modelled/2071-2100/ssp370/gfdl-esm4
data-modelled/2071-2100/ssp370/gfdl-esm4/annual-precipitation-1.tif data-modelled/2071-2100/ssp370/gfdl-esm4/annual-precipitation-2.tif data-modelled/2071-2100/ssp370/gfdl-esm4/length-of-dry-season-1.tif data-modelled/2071-2100/ssp370/gfdl-esm4/mean-annual-temperature-1.tif data-modelled/2071-2100/ssp370/gfdl-esm4/mean-annual-temperature-2.tif data-modelled/2071-2100/ssp370/gfdl-esm4/mean-max-temp-of-the-warmest-month-1.tif data-modelled/2071-2100/ssp370/gfdl-esm4/mean-min-temp-of-the-coldest-month-1.tif

data-modelled/2071-2100/ssp370/ipsl-cm6a-lr
data-modelled/2071-2100/ssp370/ipsl-cm6a-lr/annual-precipitation-1.tif data-modelled/2071-2100/ssp370/ipsl-cm6a-lr/annual-precipitation-2.tif data-modelled/2071-2100/ssp370/ipsl-cm6a-lr/length-of-dry-season-1.tif data-modelled/2071-2100/ssp370/ipsl-cm6a-lr/mean-annual-temperature-1.tif data-modelled/2071-2100/ssp370/ipsl-cm6a-lr/mean-annual-temperature-2.tif data-modelled/2071-2100/ssp370/ipsl-cm6a-lr/mean-max-temp-of-the-warmest-month-1.tif data-modelled/2071-2100/ssp370/ipsl-cm6a-lr/mean-min-temp-of-the-coldest-month-1.tif

data-modelled/2071-2100/ssp370/mpi-esm1-2-hr
data-modelled/2071-2100/ssp370/mpi-esm1-2-hr/annual-precipitation-1.tif data-modelled/2071-2100/ssp370/mpi-esm1-2-hr/annual-precipitation-2.tif data-modelled/2071-2100/ssp370/mpi-esm1-2-hr/length-of-dry-season-1.tif data-modelled/2071-2100/ssp370/mpi-esm1-2-hr/mean-annual-temperature-1.tif data-modelled/2071-2100/ssp370/mpi-esm1-2-hr/mean-annual-temperature-2.tif data-modelled/2071-2100/ssp370/mpi-esm1-2-hr/mean-max-temp-of-the-warmest-month-1.tif data-modelled/2071-2100/ssp370/mpi-esm1-2-hr/mean-min-temp-of-the-coldest-month-1.tif

data-modelled/2071-2100/ssp370/mri-esm2-0
data-modelled/2071-2100/ssp370/mri-esm2-0/annual-precipitation-1.tif data-modelled/2071-2100/ssp370/mri-esm2-0/annual-precipitation-2.tif data-modelled/2071-2100/ssp370/mri-esm2-0/length-of-dry-season-1.tif data-modelled/2071-2100/ssp370/mri-esm2-0/mean-annual-temperature-1.tif data-modelled/2071-2100/ssp370/mri-esm2-0/mean-annual-temperature-2.tif data-modelled/2071-2100/ssp370/mri-esm2-0/mean-max-temp-of-the-warmest-month-1.tif data-modelled/2071-2100/ssp370/mri-esm2-0/mean-min-temp-of-the-coldest-month-1.tif

data-modelled/2071-2100/ssp370/ukesm1-0-ll
data-modelled/2071-2100/ssp370/ukesm1-0-ll/annual-precipitation-1.tif data-modelled/2071-2100/ssp370/ukesm1-0-ll/annual-precipitation-2.tif data-modelled/2071-2100/ssp370/ukesm1-0-ll/length-of-dry-season-1.tif data-modelled/2071-2100/ssp370/ukesm1-0-ll/mean-annual-temperature-1.tif data-modelled/2071-2100/ssp370/ukesm1-0-ll/mean-annual-temperature-2.tif data-modelled/2071-2100/ssp370/ukesm1-0-ll/mean-max-temp-of-the-warmest-month-1.tif data-modelled/2071-2100/ssp370/ukesm1-0-ll/mean-min-temp-of-the-coldest-month-1.tif

data-modelled/2071-2100/ssp585/gfdl-esm4
data-modelled/2071-2100/ssp585/gfdl-esm4/annual-precipitation-1.tif data-modelled/2071-2100/ssp585/gfdl-esm4/annual-precipitation-2.tif data-modelled/2071-2100/ssp585/gfdl-esm4/length-of-dry-season-1.tif data-modelled/2071-2100/ssp585/gfdl-esm4/mean-annual-temperature-1.tif data-modelled/2071-2100/ssp585/gfdl-esm4/mean-annual-temperature-2.tif data-modelled/2071-2100/ssp585/gfdl-esm4/mean-max-temp-of-the-warmest-month-1.tif data-modelled/2071-2100/ssp585/gfdl-esm4/mean-min-temp-of-the-coldest-month-1.tif

data-modelled/2071-2100/ssp585/ipsl-cm6a-lr
data-modelled/2071-2100/ssp585/ipsl-cm6a-lr/annual-precipitation-1.tif data-modelled/2071-2100/ssp585/ipsl-cm6a-lr/annual-precipitation-2.tif data-modelled/2071-2100/ssp585/ipsl-cm6a-lr/length-of-dry-season-1.tif data-modelled/2071-2100/ssp585/ipsl-cm6a-lr/mean-annual-temperature-1.tif data-modelled/2071-2100/ssp585/ipsl-cm6a-lr/mean-annual-temperature-2.tif data-modelled/2071-2100/ssp585/ipsl-cm6a-lr/mean-max-temp-of-the-warmest-month-1.tif data-modelled/2071-2100/ssp585/ipsl-cm6a-lr/mean-min-temp-of-the-coldest-month-1.tif

data-modelled/2071-2100/ssp585/mpi-esm1-2-hr
data-modelled/2071-2100/ssp585/mpi-esm1-2-hr/annual-precipitation-1.tif data-modelled/2071-2100/ssp585/mpi-esm1-2-hr/annual-precipitation-2.tif data-modelled/2071-2100/ssp585/mpi-esm1-2-hr/length-of-dry-season-1.tif data-modelled/2071-2100/ssp585/mpi-esm1-2-hr/mean-annual-temperature-1.tif data-modelled/2071-2100/ssp585/mpi-esm1-2-hr/mean-annual-temperature-2.tif data-modelled/2071-2100/ssp585/mpi-esm1-2-hr/mean-max-temp-of-the-warmest-month-1.tif data-modelled/2071-2100/ssp585/mpi-esm1-2-hr/mean-min-temp-of-the-coldest-month-1.tif

data-modelled/2071-2100/ssp585/mri-esm2-0
data-modelled/2071-2100/ssp585/mri-esm2-0/annual-precipitation-1.tif data-modelled/2071-2100/ssp585/mri-esm2-0/annual-precipitation-2.tif data-modelled/2071-2100/ssp585/mri-esm2-0/length-of-dry-season-1.tif data-modelled/2071-2100/ssp585/mri-esm2-0/mean-annual-temperature-1.tif data-modelled/2071-2100/ssp585/mri-esm2-0/mean-annual-temperature-2.tif data-modelled/2071-2100/ssp585/mri-esm2-0/mean-max-temp-of-the-warmest-month-1.tif data-modelled/2071-2100/ssp585/mri-esm2-0/mean-min-temp-of-the-coldest-month-1.tif

data-modelled/2071-2100/ssp585/ukesm1-0-ll
data-modelled/2071-2100/ssp585/ukesm1-0-ll/annual-precipitation-1.tif data-modelled/2071-2100/ssp585/ukesm1-0-ll/annual-precipitation-2.tif data-modelled/2071-2100/ssp585/ukesm1-0-ll/length-of-dry-season-1.tif data-modelled/2071-2100/ssp585/ukesm1-0-ll/mean-annual-temperature-1.tif data-modelled/2071-2100/ssp585/ukesm1-0-ll/mean-annual-temperature-2.tif data-modelled/2071-2100/ssp585/ukesm1-0-ll/mean-max-temp-of-the-warmest-month-1.tif data-modelled/2071-2100/ssp585/ukesm1-0-ll/mean-min-temp-of-the-coldest-month-1.tif

